C51 COMPILER V9.60.7.0   KEY                                                               05/23/2024 21:17:50 PAGE 1   


C51 COMPILER V9.60.7.0, COMPILATION OF MODULE KEY
OBJECT MODULE PLACED IN .\Objects\Key.obj
COMPILER INVOKED BY: d:\Keil_v5\C51\BIN\C51.EXE Key.c LARGE OPTIMIZE(8,SPEED) BROWSE DEBUG OBJECTEXTEND PRINT(.\Listings
                    -\Key.lst) TABS(2) OBJECT(.\Objects\Key.obj)

line level    source

   1          #include <REGX52.H>
   2          
   3          unsigned char Key_KeyNumber;
   4          
   5          /**
   6            * @brief  è·å–æŒ‰é”®é”®ç 
   7            * @param  æ— 
   8            * @retval æŒ‰ä¸‹æŒ‰é”®çš„é”®ç ï¼ŒèŒƒå›´ï¼š0,1~4,0è¡¨ç¤ºæ— æŒ‰é”®æŒ‰ä¸‹
   9            */
  10          unsigned char Key(void)
  11          {
  12   1        unsigned char Temp=0;
  13   1        Temp=Key_KeyNumber;
  14   1        Key_KeyNumber=0;
  15   1        return Temp;
  16   1      }
  17          
  18          /**
  19            * @brief  è·å–å½“å‰æŒ‰é”®çš„çŠ¶æ€ï¼Œæ— æ¶ˆæŠ–åŠæ¾æ‰‹æ£€æµ‹
  20            * @param  æ— 
  21            * @retval æŒ‰ä¸‹æŒ‰é”®çš„é”®ç ï¼ŒèŒƒå›´ï¼š0,1~4,0è¡¨ç¤ºæ— æŒ‰é”®æŒ‰ä¸‹
  22            */
  23          unsigned char Key_GetState()
  24          {
  25   1        unsigned char KeyNumber=0;
  26   1        
  27   1        if(P3_1==0){KeyNumber=21;}
  28   1        if(P3_0==0){KeyNumber=22;}
  29   1        if(P3_2==0){KeyNumber=23;}
  30   1        if(P3_3==0){KeyNumber=24;}
  31   1          P1=0xFF;
  32   1        P1_3=0;
  33   1        if(P1_7==0){KeyNumber=1;}
  34   1        if(P1_6==0){KeyNumber=5;}
  35   1        if(P1_5==0){KeyNumber=9;}
  36   1        if(P1_4==0){KeyNumber=13;}
  37   1          P1=0xFF;
  38   1        P1_2=0;
  39   1        if(P1_7==0){KeyNumber=2;}
  40   1        if(P1_6==0){KeyNumber=6;}
  41   1        if(P1_5==0){KeyNumber=10;}
  42   1        if(P1_4==0){KeyNumber=14;}
  43   1        
  44   1        P1=0xFF;
  45   1        P1_1=0;
  46   1        if(P1_7==0){KeyNumber=3;}
  47   1        if(P1_6==0){KeyNumber=7;}
  48   1        if(P1_5==0){KeyNumber=11;}
  49   1        if(P1_4==0){KeyNumber=15;}
  50   1        
  51   1        P1=0xFF;
  52   1        P1_0=0;
  53   1        if(P1_7==0){KeyNumber=4;}
  54   1        if(P1_6==0){KeyNumber=8;}
C51 COMPILER V9.60.7.0   KEY                                                               05/23/2024 21:17:50 PAGE 2   

  55   1        if(P1_5==0){KeyNumber=12;}
  56   1        if(P1_4==0){KeyNumber=16;}
  57   1        
  58   1        return KeyNumber;
  59   1      }
  60          
  61          /**
  62            * @brief  æŒ‰é”®é©±åŠ¨å‡½æ•°ï¼Œåœ¨ä¸­æ–­ä¸­è°ƒç”¨
  63            * @param  æ— 
  64            * @retval æ— 
  65            */
  66          void Key_Loop(void)
  67          {
  68   1        static unsigned char NowState,LastState;
  69   1        LastState=NowState;       //æŒ‰é”®çŠ¶æ€æ›´æ–°
  70   1        NowState=Key_GetState();    //è·å–å½“å‰æŒ‰é”®çŠ¶æ€
  71   1        //å¦‚æœä¸Šä¸ªæ—¶é—´ç‚¹æŒ‰é”®æŒ‰ä¸‹ï¼Œè¿™ä¸ªæ—¶é—´ç‚¹æœªæŒ‰ä¸‹ï¼Œåˆ™æ˜¯æ¾æ‰‹ç¬é—´ï¼Œä»¥æ­¤é¿å…æ¶ˆæŠ–å
             -’Œæ¾æ‰‹æ£€æµ‹
  72   1        if(LastState!=0 && NowState==0)
  73   1        {
  74   2          Key_KeyNumber=LastState;
  75   2        }
  76   1      }


MODULE INFORMATION:   STATIC OVERLAYABLE
   CODE SIZE        =    162    ----
   CONSTANT SIZE    =   ----    ----
   XDATA SIZE       =      3    ----
   PDATA SIZE       =   ----    ----
   DATA SIZE        =   ----    ----
   IDATA SIZE       =   ----    ----
   BIT SIZE         =   ----    ----
END OF MODULE INFORMATION.


C51 COMPILATION COMPLETE.  0 WARNING(S),  0 ERROR(S)
